2017/11/20 13:38:11 [TRACE] Log Mode: File (Trace)
2017/11/20 13:38:11 [ INFO] Gogs 0.11.31.1022
2017/11/20 13:38:11 [ INFO] Cache Service Enabled
2017/11/20 13:38:11 [ INFO] Session Service Enabled
2017/11/20 13:38:11 [ INFO] Git Version: 2.11.3
2017/11/20 13:38:11 [ INFO] Git config user.name set to Gogs
2017/11/20 13:38:11 [ INFO] Git config user.email set to gogs@fake.local
2017/11/20 13:38:11 [ INFO] SQLite3 Supported
2017/11/20 13:38:11 [ INFO] Run Mode: Production
2017/11/20 13:38:11 [TRACE] Doing: CheckRepoStats
2017/11/20 13:38:11 [ INFO] First-time run install finished!
2017/11/20 13:38:26 [TRACE] Session ID: 5dbd9ab514a8f66b
2017/11/20 13:38:26 [TRACE] CSRF Token: W-9z4v6hl7XQ26UE-ab0cqrB45I6MTUxMTE4NTEwNjE5NDU2MjQwNA==
2017/11/20 13:38:26 [TRACE] Template: user/dashboard/dashboard
2017/11/20 13:38:29 [TRACE] Session ID: 5dbd9ab514a8f66b
2017/11/20 13:38:29 [TRACE] CSRF Token: W-9z4v6hl7XQ26UE-ab0cqrB45I6MTUxMTE4NTEwNjE5NDU2MjQwNA==
2017/11/20 13:38:29 [TRACE] Template: repo/create
2017/11/20 13:38:33 [TRACE] Session ID: 5dbd9ab514a8f66b
2017/11/20 13:38:33 [TRACE] CSRF Token: W-9z4v6hl7XQ26UE-ab0cqrB45I6MTUxMTE4NTEwNjE5NDU2MjQwNA==
2017/11/20 13:38:33 [TRACE] Repository created [1]: gogs_admin/demo
2017/11/20 13:38:33 [TRACE] Session ID: 5dbd9ab514a8f66b
2017/11/20 13:38:33 [TRACE] CSRF Token: W-9z4v6hl7XQ26UE-ab0cqrB45I6MTUxMTE4NTEwNjE5NDU2MjQwNA==
2017/11/20 13:38:33 [TRACE] Template: repo/home
2017/11/20 13:38:35 [TRACE] Session ID: 5dbd9ab514a8f66b
2017/11/20 13:38:35 [TRACE] CSRF Token: W-9z4v6hl7XQ26UE-ab0cqrB45I6MTUxMTE4NTEwNjE5NDU2MjQwNA==
2017/11/20 13:38:35 [TRACE] Template: user/dashboard/dashboard
2017/11/20 13:42:36 [TRACE] Log Mode: File (Trace)
2017/11/20 13:42:36 [ INFO] Gogs 0.11.31.1022
2017/11/20 13:42:36 [ INFO] Cache Service Enabled
2017/11/20 13:42:36 [ INFO] Session Service Enabled
2017/11/20 13:42:36 [ INFO] Git Version: 2.11.3
2017/11/20 13:42:36 [ INFO] SQLite3 Supported
2017/11/20 13:42:36 [ INFO] Run Mode: Production
2017/11/20 13:42:36 [TRACE] Doing: CheckRepoStats
2017/11/20 13:42:37 [ INFO] Listen: http://0.0.0.0:3000
2017/11/20 13:42:41 [TRACE] Session ID: a9e8dd8cf9b47ed6
2017/11/20 13:42:41 [TRACE] CSRF Token: uq1aEBGBwDTeAeFY1vxKmXB_hb46MTUxMTE4NTM2MTgwMjgwNjMyNw==
2017/11/20 13:42:41 [TRACE] Template: home
2017/11/20 13:42:43 [TRACE] Session ID: a9e8dd8cf9b47ed6
2017/11/20 13:42:43 [TRACE] CSRF Token: uq1aEBGBwDTeAeFY1vxKmXB_hb46MTUxMTE4NTM2MTgwMjgwNjMyNw==
2017/11/20 13:42:43 [TRACE] Template: user/auth/login
2017/11/20 13:42:44 [TRACE] Session ID: a9e8dd8cf9b47ed6
2017/11/20 13:42:44 [TRACE] CSRF Token: uq1aEBGBwDTeAeFY1vxKmXB_hb46MTUxMTE4NTM2MTgwMjgwNjMyNw==
2017/11/20 13:42:48 [TRACE] Session ID: a9e8dd8cf9b47ed6
2017/11/20 13:42:48 [TRACE] CSRF Token: uq1aEBGBwDTeAeFY1vxKmXB_hb46MTUxMTE4NTM2MTgwMjgwNjMyNw==
2017/11/20 13:42:49 [TRACE] Session ID: a9e8dd8cf9b47ed6
2017/11/20 13:42:49 [TRACE] CSRF Token: FIylBgLYpu2ZBbAlIBxl1RK3_Jk6MTUxMTE4NTM2OTA1OTA0NjE1Mw==
2017/11/20 13:42:49 [TRACE] Template: user/dashboard/dashboard
2017/11/20 13:42:49 [TRACE] Session ID: a9e8dd8cf9b47ed6
2017/11/20 13:42:49 [TRACE] CSRF Token: FIylBgLYpu2ZBbAlIBxl1RK3_Jk6MTUxMTE4NTM2OTA1OTA0NjE1Mw==
2017/11/20 13:42:52 [TRACE] Session ID: a9e8dd8cf9b47ed6
2017/11/20 13:42:52 [TRACE] CSRF Token: FIylBgLYpu2ZBbAlIBxl1RK3_Jk6MTUxMTE4NTM2OTA1OTA0NjE1Mw==
2017/11/20 13:42:52 [TRACE] Template: repo/home
2017/11/20 13:50:23 [TRACE] Session ID: ce625602435af17f
2017/11/20 13:50:23 [TRACE] CSRF Token: BvY6MEXuL8-_6Wt5_tkTX3xGuqw6MTUxMTE4NTgyMzYyODIxNzIzMA==
2017/11/20 13:50:23 [TRACE] Template: home
2017/11/20 13:50:25 [TRACE] Session ID: ce625602435af17f
2017/11/20 13:50:25 [TRACE] CSRF Token: BvY6MEXuL8-_6Wt5_tkTX3xGuqw6MTUxMTE4NTgyMzYyODIxNzIzMA==
2017/11/20 13:50:25 [TRACE] Template: user/auth/login
2017/11/20 13:50:34 [TRACE] Session ID: ce625602435af17f
2017/11/20 13:50:34 [TRACE] CSRF Token: BvY6MEXuL8-_6Wt5_tkTX3xGuqw6MTUxMTE4NTgyMzYyODIxNzIzMA==
2017/11/20 13:50:34 [TRACE] Session ID: ce625602435af17f
2017/11/20 13:50:34 [TRACE] CSRF Token: 7TWskg-h8JYxfvqEf2uBgec_uKk6MTUxMTE4NTgzNDQ5MjM1MTk2NA==
2017/11/20 13:50:34 [TRACE] Template: user/dashboard/dashboard
2017/11/20 13:51:00 [TRACE] Session ID: ce625602435af17f
2017/11/20 13:51:00 [TRACE] CSRF Token: 7TWskg-h8JYxfvqEf2uBgec_uKk6MTUxMTE4NTgzNDQ5MjM1MTk2NA==
2017/11/20 13:51:00 [TRACE] Template: user/settings/profile
2017/11/20 13:51:02 [TRACE] Session ID: ce625602435af17f
2017/11/20 13:51:02 [TRACE] CSRF Token: 7TWskg-h8JYxfvqEf2uBgec_uKk6MTUxMTE4NTgzNDQ5MjM1MTk2NA==
2017/11/20 13:51:02 [TRACE] Template: user/settings/password
2017/11/20 13:51:15 [TRACE] Session ID: ce625602435af17f
2017/11/20 13:51:15 [TRACE] CSRF Token: 7TWskg-h8JYxfvqEf2uBgec_uKk6MTUxMTE4NTgzNDQ5MjM1MTk2NA==
2017/11/20 13:51:15 [TRACE] Template: user/dashboard/dashboard
2017/11/20 13:51:20 [TRACE] Session ID: ce625602435af17f
2017/11/20 13:51:20 [TRACE] CSRF Token: 7TWskg-h8JYxfvqEf2uBgec_uKk6MTUxMTE4NTgzNDQ5MjM1MTk2NA==
2017/11/20 13:51:20 [TRACE] Template: user/dashboard/issues
2017/11/20 13:51:21 [TRACE] Session ID: ce625602435af17f
2017/11/20 13:51:21 [TRACE] CSRF Token: 7TWskg-h8JYxfvqEf2uBgec_uKk6MTUxMTE4NTgzNDQ5MjM1MTk2NA==
2017/11/20 13:51:21 [TRACE] Template: user/dashboard/issues
2017/11/20 13:51:22 [TRACE] Session ID: ce625602435af17f
2017/11/20 13:51:22 [TRACE] CSRF Token: 7TWskg-h8JYxfvqEf2uBgec_uKk6MTUxMTE4NTgzNDQ5MjM1MTk2NA==
2017/11/20 13:51:22 [TRACE] Template: explore/repos
2017/11/20 13:51:22 [TRACE] Session ID: ce625602435af17f
2017/11/20 13:51:22 [TRACE] CSRF Token: 7TWskg-h8JYxfvqEf2uBgec_uKk6MTUxMTE4NTgzNDQ5MjM1MTk2NA==
2017/11/20 13:51:22 [TRACE] Template: user/dashboard/dashboard
2017/11/20 13:52:36 [TRACE] Doing: MirrorUpdate
2017/11/20 14:02:36 [TRACE] Doing: MirrorUpdate
2017/11/20 14:12:36 [TRACE] Doing: MirrorUpdate
2017/11/20 14:22:36 [TRACE] Doing: MirrorUpdate
